[19:57:30] [ServerMain/INFO]: Environment: authHost='https://authserver.mojang.com', accountsHost='https://api.mojang.com', sessionHost='https://sessionserver.mojang.com', servicesHost='https://api.minecraftservices.com', name='PROD'
[19:57:30] [ServerMain/INFO]: Found new data pack file/bukkit, loading it automatically
[19:57:31] [ServerMain/INFO]: Loaded 7 recipes
[19:57:33] [Server thread/INFO]: Starting minecraft server version 1.19.4
[19:57:33] [Server thread/INFO]: Loading properties
[19:57:33] [Server thread/INFO]: This server is running Leaves version git-Leaves-"db3286b" (MC: 1.19.4) (Implementing API version 1.19.4-R0.1-SNAPSHOT) (Git: db3286b)
[19:57:33] [Server thread/INFO]: Server Ping Player Sample Count: 12
[19:57:33] [Server thread/INFO]: Using 4 threads for Netty based IO
[19:57:33] [Server thread/INFO]: [ChunkTaskScheduler] Chunk system is using 1 I/O threads, 1 worker threads, and gen parallelism of 1 threads
[19:57:33] [Server thread/WARN]: [!] The timings profiler has been enabled but has been scheduled for removal from Paper in the future.
    We recommend installing the spark profiler as a replacement: https://spark.lucko.me/
    For more information please visit: https://github.com/PaperMC/Paper/issues/8948
[19:57:33] [Server thread/INFO]: Default game type: SURVIVAL
[19:57:33] [Server thread/INFO]: Generating keypair
[19:57:33] [Server thread/INFO]: Starting Minecraft server on *:25565
[19:57:33] [Server thread/INFO]: Using default channel type
[19:57:33] [Server thread/INFO]: Paper: Using Java compression from Velocity.
[19:57:33] [Server thread/INFO]: Paper: Using Java cipher from Velocity.
[19:57:33] [Server thread/INFO]: Preparing level "world"
[19:57:49] [Server thread/INFO]: Preparing start region for dimension minecraft:overworld
[19:57:49] [Server thread/INFO]: Time elapsed: 143 ms
[19:57:49] [Server thread/INFO]: Preparing start region for dimension minecraft:the_nether
[19:57:49] [Server thread/INFO]: Time elapsed: 73 ms
[19:57:49] [Server thread/INFO]: Preparing start region for dimension minecraft:the_end
[19:57:49] [Server thread/INFO]: Time elapsed: 58 ms
[19:57:50] [Server thread/INFO]: Running delayed init tasks
[19:57:50] [Server thread/INFO]: Done (16.918s)! For help, type "help"
[19:57:50] [Server thread/INFO]: Timings Reset
[20:02:34] [Server thread/INFO]: TPS from last 1m, 5m, 15m: 20.0, 20.0, 20.0
[20:02:41] [Server thread/INFO]: Stopping the server
[20:02:41] [Server thread/INFO]: Stopping server
[20:02:41] [Server thread/INFO]: Saving players
[20:02:41] [Server thread/INFO]: Saving worlds
[20:02:41] [Server thread/INFO]: Saving chunks for level 'ServerLevel[world]'/minecraft:overworld
[20:02:41] [Server thread/INFO]: [ChunkHolderManager] Waiting 60s for chunk system to halt for world 'world'
[20:02:41] [Server thread/INFO]: [ChunkHolderManager] Halted chunk system for world 'world'
[20:02:41] [Server thread/INFO]: [ChunkHolderManager] Saving all chunkholders for world 'world'
[20:02:43] [Server thread/INFO]: [ChunkHolderManager] Saved 2025 block chunks, 529 entity chunks, 1 poi chunks in world 'world' in 2.13s
[20:02:43] [Server thread/INFO]: ThreadedAnvilChunkStorage (world): All chunks are saved
[20:02:43] [Server thread/INFO]: Saving chunks for level 'ServerLevel[world_nether]'/minecraft:the_nether
[20:02:43] [Server thread/INFO]: [ChunkHolderManager] Waiting 60s for chunk system to halt for world 'world_nether'
[20:02:43] [Server thread/INFO]: [ChunkHolderManager] Halted chunk system for world 'world_nether'
[20:02:43] [Server thread/INFO]: [ChunkHolderManager] Saving all chunkholders for world 'world_nether'
[20:02:45] [Server thread/INFO]: [ChunkHolderManager] Saved 2025 block chunks, 529 entity chunks, 0 poi chunks in world 'world_nether' in 1.44s
[20:02:45] [Server thread/INFO]: ThreadedAnvilChunkStorage (DIM-1): All chunks are saved
[20:02:45] [Server thread/INFO]: Saving chunks for level 'ServerLevel[world_the_end]'/minecraft:the_end
[20:02:45] [Server thread/INFO]: [ChunkHolderManager] Waiting 60s for chunk system to halt for world 'world_the_end'
[20:02:45] [Server thread/INFO]: [ChunkHolderManager] Halted chunk system for world 'world_the_end'
[20:02:45] [Server thread/INFO]: [ChunkHolderManager] Saving all chunkholders for world 'world_the_end'
[20:02:46] [Server thread/INFO]: [ChunkHolderManager] Saved 2025 block chunks, 529 entity chunks, 0 poi chunks in world 'world_the_end' in 0.75s
[20:02:46] [Server thread/INFO]: ThreadedAnvilChunkStorage (DIM1): All chunks are saved
[20:02:46] [Server thread/INFO]: ThreadedAnvilChunkStorage: All dimensions are saved
[20:02:46] [Server thread/INFO]: Flushing Chunk IO
[20:02:46] [Server thread/INFO]: Closing Thread Pool
[20:02:46] [Server thread/INFO]: Closing Server
